<?xml version="1.0" encoding="UTF-8"?>
<testsuites name="jest tests" tests="1" failures="0" errors="0" time="0.288">
  <testsuite name="undefined" errors="0" failures="0" skipped="0" timestamp="2025-10-31T10:38:49" time="0.238" tests="1">
    <testcase classname="" name="sanity: 1+1 equals 2" time="0.002">
    </testcase>
  </testsuite>
</testsuites>